TN:
SF:app/controllers/subjects.js
FN:3,index
FN:12,showId
FN:22,create
FN:32,update
FN:44,destroy
FNF:5
FNH:0
FNDA:0,index
FNDA:0,showId
FNDA:0,create
FNDA:0,update
FNDA:0,destroy
DA:1,1
DA:4,0
DA:5,0
DA:6,0
DA:8,0
DA:13,0
DA:14,0
DA:15,0
DA:16,0
DA:18,0
DA:23,0
DA:24,0
DA:25,0
DA:26,0
DA:28,0
DA:33,0
DA:34,0
DA:35,0
DA:36,0
DA:37,0
DA:38,0
DA:40,0
DA:45,0
DA:46,0
DA:47,0
DA:48,0
DA:49,0
DA:51,0
DA:55,1
LF:29
LH:2
BRF:0
BRH:0
end_of_record
TN:
SF:app/db/connect.js
FNF:0
FNH:0
DA:1,4
DA:3,4
DA:7,4
DA:9,4
LF:4
LH:4
BRF:0
BRH:0
end_of_record
TN:
SF:app/models/Question.js
FN:4,(anonymous_0)
FN:12,(anonymous_1)
FN:17,(anonymous_2)
FN:20,(anonymous_3)
FN:28,(anonymous_4)
FN:33,(anonymous_5)
FN:36,(anonymous_6)
FN:52,(anonymous_7)
FN:68,(anonymous_8)
FN:91,(anonymous_9)
FN:96,(anonymous_10)
FN:118,(anonymous_11)
FNF:12
FNH:7
FNDA:8,(anonymous_0)
FNDA:2,(anonymous_1)
FNDA:3,(anonymous_2)
FNDA:2,(anonymous_3)
FNDA:2,(anonymous_4)
FNDA:3,(anonymous_5)
FNDA:3,(anonymous_6)
FNDA:0,(anonymous_7)
FNDA:0,(anonymous_8)
FNDA:0,(anonymous_9)
FNDA:0,(anonymous_10)
FNDA:0,(anonymous_11)
DA:1,1
DA:5,8
DA:6,8
DA:7,8
DA:8,8
DA:9,8
DA:13,2
DA:14,2
DA:15,1
DA:17,3
DA:21,2
DA:22,2
DA:23,1
DA:25,1
DA:29,2
DA:30,2
DA:31,1
DA:33,3
DA:37,3
DA:39,3
DA:40,1
DA:43,2
DA:45,2
DA:46,1
DA:48,1
DA:49,1
DA:53,0
DA:54,0
DA:62,0
DA:63,0
DA:65,0
DA:69,0
DA:92,0
DA:93,0
DA:94,0
DA:96,0
DA:119,0
DA:121,0
DA:122,0
DA:123,0
DA:126,0
DA:127,0
DA:132,1
LF:43
LH:27
BRDA:14,0,0,1
BRDA:14,0,1,1
BRDA:22,1,0,1
BRDA:22,1,1,1
BRDA:30,2,0,1
BRDA:30,2,1,1
BRDA:39,3,0,1
BRDA:39,3,1,2
BRDA:45,4,0,1
BRDA:45,4,1,1
BRDA:62,5,0,0
BRDA:62,5,1,0
BRDA:93,6,0,0
BRDA:93,6,1,0
BRDA:122,7,0,0
BRDA:122,7,1,0
BRF:16
BRH:10
end_of_record
TN:
SF:app/models/Subject.js
FN:4,(anonymous_0)
FN:9,(anonymous_1)
FN:14,(anonymous_2)
FN:17,(anonymous_3)
FN:25,(anonymous_4)
FN:42,(anonymous_5)
FN:50,(anonymous_6)
FNF:7
FNH:0
FNDA:0,(anonymous_0)
FNDA:0,(anonymous_1)
FNDA:0,(anonymous_2)
FNDA:0,(anonymous_3)
FNDA:0,(anonymous_4)
FNDA:0,(anonymous_5)
FNDA:0,(anonymous_6)
DA:1,2
DA:5,0
DA:6,0
DA:10,0
DA:11,0
DA:12,0
DA:14,0
DA:18,0
DA:19,0
DA:20,0
DA:22,0
DA:26,0
DA:28,0
DA:29,0
DA:32,0
DA:33,0
DA:34,0
DA:35,0
DA:38,0
DA:43,0
DA:44,0
DA:45,0
DA:47,0
DA:51,0
DA:52,0
DA:54,0
DA:59,2
LF:27
LH:2
BRDA:11,0,0,0
BRDA:11,0,1,0
BRDA:19,1,0,0
BRDA:19,1,1,0
BRDA:28,2,0,0
BRDA:28,2,1,0
BRDA:33,3,0,0
BRDA:33,3,1,0
BRDA:44,4,0,0
BRDA:44,4,1,0
BRF:10
BRH:0
end_of_record
TN:
SF:app/models/Test.js
FN:4,(anonymous_0)
FN:13,(anonymous_1)
FN:18,(anonymous_2)
FN:21,(anonymous_3)
FN:29,(anonymous_4)
FN:50,(anonymous_5)
FN:68,(anonymous_6)
FNF:7
FNH:0
FNDA:0,(anonymous_0)
FNDA:0,(anonymous_1)
FNDA:0,(anonymous_2)
FNDA:0,(anonymous_3)
FNDA:0,(anonymous_4)
FNDA:0,(anonymous_5)
FNDA:0,(anonymous_6)
DA:1,1
DA:5,0
DA:6,0
DA:7,0
DA:8,0
DA:9,0
DA:10,0
DA:14,0
DA:15,0
DA:16,0
DA:18,0
DA:22,0
DA:23,0
DA:24,0
DA:26,0
DA:30,0
DA:32,0
DA:33,0
DA:36,0
DA:38,0
DA:39,0
DA:42,0
DA:43,0
DA:46,0
DA:51,0
DA:52,0
DA:62,0
DA:63,0
DA:65,0
DA:69,0
DA:70,0
DA:72,0
DA:77,1
LF:33
LH:2
BRDA:15,0,0,0
BRDA:15,0,1,0
BRDA:23,1,0,0
BRDA:23,1,1,0
BRDA:32,2,0,0
BRDA:32,2,1,0
BRDA:38,3,0,0
BRDA:38,3,1,0
BRDA:54,4,0,0
BRDA:54,4,1,0
BRDA:55,5,0,0
BRDA:55,5,1,0
BRDA:56,6,0,0
BRDA:56,6,1,0
BRDA:57,7,0,0
BRDA:57,7,1,0
BRDA:58,8,0,0
BRDA:58,8,1,0
BRDA:62,9,0,0
BRDA:62,9,1,0
BRF:20
BRH:0
end_of_record
